== Temporary log file in case of crash /tmp/eb-tkb_qdm0/eb-z1txuse7/easybuild-fiheml_x.log
== resolving dependencies ...
== processing EasyBuild easyconfig /home/snassyr/SourceCode/git/juawei-easyconfigs/Golden_Repo/2021a/c/CMake/CMake-3.20.0-armlinux-22.0.1.eb
== building and installing Compiler/armlinux/22.0.1/CMake/3.20.0...
== fetching files...
== creating build dir, resetting environment...
== unpacking...
== patching...
== preparing...
== ... (took 2 secs)
== configuring...
== ... (took 5 mins 54 secs)
== building...
== ... (took 58 secs)
== testing...
== installing...
== ... (took 12 secs)
== taking care of extensions...
== restore after iterating...
== postprocessing...
== sanity checking...
== ... (took 2 secs)
== cleaning up...
== creating module...
== ... (took 3 secs)
== permissions...
== packaging...
== COMPLETED: Installation ended successfully (took 7 mins 15 secs)
== Results of the build can be found in the log file(s) /software/kp920-RL8/Stages/2021a/software/CMake/3.20.0-armlinux-22.0.1/easybuild/easybuild-CMake-3.20.0-20220506.204602.log
== Build succeeded for 1 out of 1
== Temporary log file(s) /tmp/eb-tkb_qdm0/eb-z1txuse7/easybuild-fiheml_x.log* have been removed.
== Temporary directory /tmp/eb-tkb_qdm0/eb-z1txuse7 has been removed.
