== Temporary log file in case of crash /tmp/eb-tkb_qdm0/eb-jgzdynfj/easybuild-6tdhksz_.log
== resolving dependencies ...
== processing EasyBuild easyconfig /home/snassyr/SourceCode/git/juawei-easyconfigs/Golden_Repo/2021a/f/fontconfig/fontconfig-2.13.93-armlinux-22.0.1.eb
== building and installing Compiler/armlinux/22.0.1/fontconfig/.2.13.93...
== fetching files...
== creating build dir, resetting environment...
== unpacking...
== patching...
== preparing...
== ... (took 3 secs)
== configuring...
== ... (took 9 secs)
== building...
== ... (took 6 secs)
== testing...
== installing...
== ... (took 3 secs)
== taking care of extensions...
== restore after iterating...
== postprocessing...
== sanity checking...
== ... (took 4 secs)
== cleaning up...
== creating module...
== ... (took 5 secs)
== permissions...
== packaging...
== COMPLETED: Installation ended successfully (took 33 secs)
== Results of the build can be found in the log file(s) /software/kp920-RL8/Stages/2021a/software/fontconfig/2.13.93-armlinux-22.0.1/easybuild/easybuild-fontconfig-2.13.93-20220506.204004.log
== Build succeeded for 1 out of 1
== Temporary log file(s) /tmp/eb-tkb_qdm0/eb-jgzdynfj/easybuild-6tdhksz_.log* have been removed.
== Temporary directory /tmp/eb-tkb_qdm0/eb-jgzdynfj has been removed.
