== Temporary log file in case of crash /tmp/eb-tkb_qdm0/eb-6a7d6c63/easybuild-r_519g98.log
== resolving dependencies ...
== processing EasyBuild easyconfig /home/snassyr/SourceCode/git/juawei-easyconfigs/Golden_Repo/2021a/g/gettext/gettext-0.21-armlinux-22.0.1.eb
== building and installing Compiler/armlinux/22.0.1/gettext/.0.21...
== fetching files...
== creating build dir, resetting environment...
== unpacking...
== patching...
== preparing...
== ... (took 2 secs)
== configuring...
== ... (took 1 min 37 secs)
== building...
== ... (took 2 mins 2 secs)
== testing...
== installing...
== ... (took 23 secs)
== taking care of extensions...
== restore after iterating...
== postprocessing...
== sanity checking...
== ... (took 3 secs)
== cleaning up...
== creating module...
== ... (took 4 secs)
== permissions...
== ... (took 1 secs)
== packaging...
== COMPLETED: Installation ended successfully (took 4 mins 18 secs)
== Results of the build can be found in the log file(s) /software/kp920-RL8/Stages/2021a/software/gettext/0.21-armlinux-22.0.1/easybuild/easybuild-gettext-0.21-20220506.204305.log
== Build succeeded for 1 out of 1
== Temporary log file(s) /tmp/eb-tkb_qdm0/eb-6a7d6c63/easybuild-r_519g98.log* have been removed.
== Temporary directory /tmp/eb-tkb_qdm0/eb-6a7d6c63 has been removed.
