== Temporary log file in case of crash /tmp/eb-tkb_qdm0/eb-ynsirstt/easybuild-70s3_w_u.log
== resolving dependencies ...
== processing EasyBuild easyconfig /home/snassyr/SourceCode/git/juawei-easyconfigs/Golden_Repo/2021a/g/gflags/gflags-2.2.2-armlinux-22.0.1.eb
== building and installing Compiler/armlinux/22.0.1/gflags/.2.2.2...
== fetching files...
== creating build dir, resetting environment...
== unpacking...
== patching...
== preparing...
== ... (took 2 secs)
== configuring...
== ... (took 1 secs)
== building...
== ... (took 2 secs)
== testing...
== installing...
== taking care of extensions...
== restore after iterating...
== postprocessing...
== sanity checking...
== ... (took 2 secs)
== cleaning up...
== creating module...
== ... (took 3 secs)
== permissions...
== packaging...
== COMPLETED: Installation ended successfully (took 13 secs)
== Results of the build can be found in the log file(s) /software/kp920-RL8/Stages/2021a/software/gflags/2.2.2-armlinux-22.0.1/easybuild/easybuild-gflags-2.2.2-20220506.204618.log
== Build succeeded for 1 out of 1
== Temporary log file(s) /tmp/eb-tkb_qdm0/eb-ynsirstt/easybuild-70s3_w_u.log* have been removed.
== Temporary directory /tmp/eb-tkb_qdm0/eb-ynsirstt has been removed.
