== Temporary log file in case of crash /tmp/eb-tkb_qdm0/eb-0tr9jtd1/easybuild-nz_vgend.log
== resolving dependencies ...
== processing EasyBuild easyconfig /home/snassyr/SourceCode/git/juawei-easyconfigs/Golden_Repo/2021a/l/libjpeg-turbo/libjpeg-turbo-2.0.6-armlinux-22.0.1.eb
== building and installing Compiler/armlinux/22.0.1/libjpeg-turbo/.2.0.6...
== fetching files...
== creating build dir, resetting environment...
== unpacking...
== patching...
== preparing...
== ... (took 2 secs)
== configuring...
== ... (took 1 secs)
== building...
== ... (took 3 secs)
== testing...
== installing...
== taking care of extensions...
== restore after iterating...
== postprocessing...
== sanity checking...
== ... (took 3 secs)
== cleaning up...
== creating module...
== ... (took 4 secs)
== permissions...
== packaging...
== COMPLETED: Installation ended successfully (took 16 secs)
== Results of the build can be found in the log file(s) /software/kp920-RL8/Stages/2021a/software/libjpeg-turbo/2.0.6-armlinux-22.0.1/easybuild/easybuild-libjpeg-turbo-2.0.6-20220506.204622.log
== Build succeeded for 1 out of 1
== Temporary log file(s) /tmp/eb-tkb_qdm0/eb-0tr9jtd1/easybuild-nz_vgend.log* have been removed.
== Temporary directory /tmp/eb-tkb_qdm0/eb-0tr9jtd1 has been removed.
