== Temporary log file in case of crash /tmp/eb-tkb_qdm0/eb-xtwtvl7r/easybuild-0ochg6vc.log
== resolving dependencies ...
== processing EasyBuild easyconfig /home/snassyr/SourceCode/git/juawei-easyconfigs/Golden_Repo/2021a/l/libreadline/libreadline-8.1-armlinux-22.0.1.eb
== building and installing Compiler/armlinux/22.0.1/libreadline/.8.1...
== fetching files...
== creating build dir, resetting environment...
== unpacking...
== patching...
== preparing...
== ... (took 2 secs)
== configuring...
== ... (took 6 secs)
== building...
== testing...
== installing...
== taking care of extensions...
== restore after iterating...
== postprocessing...
== sanity checking...
== ... (took 3 secs)
== cleaning up...
== creating module...
== ... (took 4 secs)
== permissions...
== packaging...
== COMPLETED: Installation ended successfully (took 18 secs)
== Results of the build can be found in the log file(s) /software/kp920-RL8/Stages/2021a/software/libreadline/8.1-armlinux-22.0.1/easybuild/easybuild-libreadline-8.1-20220506.203905.log
== Build succeeded for 1 out of 1
== Temporary log file(s) /tmp/eb-tkb_qdm0/eb-xtwtvl7r/easybuild-0ochg6vc.log* have been removed.
== Temporary directory /tmp/eb-tkb_qdm0/eb-xtwtvl7r has been removed.
