== Temporary log file in case of crash /tmp/eb-tkb_qdm0/eb-q0oz0922/easybuild-lblp6v1a.log
== resolving dependencies ...
== processing EasyBuild easyconfig /home/snassyr/SourceCode/git/juawei-easyconfigs/Golden_Repo/2021a/l/libspatialindex/libspatialindex-1.9.3-armlinux-22.0.1.eb
== building and installing Compiler/armlinux/22.0.1/libspatialindex/.1.9.3...
== fetching files...
== creating build dir, resetting environment...
== unpacking...
== patching...
== preparing...
== ... (took 2 secs)
== configuring...
== building...
== ... (took 6 secs)
== testing...
== installing...
== taking care of extensions...
== restore after iterating...
== postprocessing...
== sanity checking...
== ... (took 2 secs)
== cleaning up...
== creating module...
== ... (took 3 secs)
== permissions...
== packaging...
== COMPLETED: Installation ended successfully (took 16 secs)
== Results of the build can be found in the log file(s) /software/kp920-RL8/Stages/2021a/software/libspatialindex/1.9.3-armlinux-22.0.1/easybuild/easybuild-libspatialindex-1.9.3-20220506.204621.log
== Build succeeded for 1 out of 1
== Temporary log file(s) /tmp/eb-tkb_qdm0/eb-q0oz0922/easybuild-lblp6v1a.log* have been removed.
== Temporary directory /tmp/eb-tkb_qdm0/eb-q0oz0922 has been removed.
