== Temporary log file in case of crash /tmp/eb-tkb_qdm0/eb-ozv76sj1/easybuild-z_xqzjqe.log
== resolving dependencies ...
== processing EasyBuild easyconfig /home/snassyr/SourceCode/git/juawei-easyconfigs/Golden_Repo/2021a/n/ncurses/ncurses-6.2-armlinux-22.0.1.eb
== building and installing Compiler/armlinux/22.0.1/ncurses/.6.2...
== fetching files...
== creating build dir, resetting environment...
== starting iteration #0 ...
== unpacking...
== patching...
== preparing...
== ... (took 1 secs)
== configuring...
== ... (took 13 secs)
== building...
== ... (took 7 secs)
== testing...
== installing...
== ... (took 8 secs)
== taking care of extensions...
== creating build dir, resetting environment...
== starting iteration #1 ...
== unpacking...
== patching...
== preparing...
== configuring...
== ... (took 14 secs)
== building...
== ... (took 7 secs)
== testing...
== installing...
== ... (took 10 secs)
== taking care of extensions...
== restore after iterating...
== postprocessing...
== sanity checking...
== ... (took 2 secs)
== cleaning up...
== creating module...
== ... (took 3 secs)
== permissions...
== ... (took 1 secs)
== packaging...
== COMPLETED: Installation ended successfully (took 1 min 13 secs)
== Results of the build can be found in the log file(s) /software/kp920-RL8/Stages/2021a/software/ncurses/6.2-armlinux-22.0.1/easybuild/easybuild-ncurses-6.2-20220506.203844.log
== Build succeeded for 1 out of 1
== Temporary log file(s) /tmp/eb-tkb_qdm0/eb-ozv76sj1/easybuild-z_xqzjqe.log* have been removed.
== Temporary directory /tmp/eb-tkb_qdm0/eb-ozv76sj1 has been removed.
