== Temporary log file in case of crash /tmp/eb-tkb_qdm0/eb-na5owwf1/easybuild-etxyphsx.log
== resolving dependencies ...
== processing EasyBuild easyconfig /home/snassyr/SourceCode/git/juawei-easyconfigs/Golden_Repo/2021a/p/PostgreSQL/PostgreSQL-13.2-armlinux-22.0.1.eb
== building and installing Compiler/armlinux/22.0.1/PostgreSQL/13.2...
== fetching files...
== creating build dir, resetting environment...
== unpacking...
== patching...
== preparing...
== ... (took 4 secs)
== configuring...
== ... (took 16 secs)
== building...
== ... (took 35 secs)
== testing...
== installing...
== ... (took 5 secs)
== taking care of extensions...
== restore after iterating...
== postprocessing...
== sanity checking...
== ... (took 4 secs)
== cleaning up...
== creating module...
== ... (took 5 secs)
== permissions...
== packaging...
== COMPLETED: Installation ended successfully (took 1 min 12 secs)
== Results of the build can be found in the log file(s) /software/kp920-RL8/Stages/2021a/software/PostgreSQL/13.2-armlinux-22.0.1/easybuild/easybuild-PostgreSQL-13.2-20220506.204021.log
== Build succeeded for 1 out of 1
== Temporary log file(s) /tmp/eb-tkb_qdm0/eb-na5owwf1/easybuild-etxyphsx.log* have been removed.
== Temporary directory /tmp/eb-tkb_qdm0/eb-na5owwf1 has been removed.
