== Temporary log file in case of crash /tmp/eb-tkb_qdm0/eb-erv4vhvd/easybuild-utoajcc0.log
== resolving dependencies ...
== processing EasyBuild easyconfig /home/snassyr/SourceCode/git/juawei-easyconfigs/Golden_Repo/2021a/s/SQLite/SQLite-3.35.3-armlinux-22.0.1.eb
== building and installing Compiler/armlinux/22.0.1/SQLite/.3.35.3...
== fetching files...
== creating build dir, resetting environment...
== unpacking...
== patching...
== preparing...
== ... (took 2 secs)
== configuring...
== ... (took 4 secs)
== building...
== ... (took 2 mins 42 secs)
== testing...
== installing...
== taking care of extensions...
== restore after iterating...
== postprocessing...
== sanity checking...
== ... (took 3 secs)
== cleaning up...
== creating module...
== ... (took 4 secs)
== permissions...
== packaging...
== COMPLETED: Installation ended successfully (took 2 mins 57 secs)
== Results of the build can be found in the log file(s) /software/kp920-RL8/Stages/2021a/software/SQLite/3.35.3-armlinux-22.0.1/easybuild/easybuild-SQLite-3.35.3-20220506.204205.log
== Build succeeded for 1 out of 1
== Temporary log file(s) /tmp/eb-tkb_qdm0/eb-erv4vhvd/easybuild-utoajcc0.log* have been removed.
== Temporary directory /tmp/eb-tkb_qdm0/eb-erv4vhvd has been removed.
