== Temporary log file in case of crash /tmp/eb-tkb_qdm0/eb-5kww2c_c/easybuild-pgvmsujk.log
== resolving dependencies ...
== processing EasyBuild easyconfig /home/snassyr/SourceCode/git/juawei-easyconfigs/Golden_Repo/2021a/u/util-linux/util-linux-2.35.1-armlinux-22.0.1.eb
== building and installing Compiler/armlinux/22.0.1/util-linux/.2.35.1...
== fetching files...
== creating build dir, resetting environment...
== unpacking...
== patching...
== preparing...
== ... (took 2 secs)
== configuring...
== ... (took 18 secs)
== building...
== ... (took 7 secs)
== testing...
== installing...
== ... (took 3 secs)
== taking care of extensions...
== restore after iterating...
== postprocessing...
== sanity checking...
== ... (took 3 secs)
== cleaning up...
== creating module...
== ... (took 4 secs)
== permissions...
== packaging...
== COMPLETED: Installation ended successfully (took 41 secs)
== Results of the build can be found in the log file(s) /software/kp920-RL8/Stages/2021a/software/util-linux/2.35.1-armlinux-22.0.1/easybuild/easybuild-util-linux-2.35.1-20220506.203928.log
== Build succeeded for 1 out of 1
== Temporary log file(s) /tmp/eb-tkb_qdm0/eb-5kww2c_c/easybuild-pgvmsujk.log* have been removed.
== Temporary directory /tmp/eb-tkb_qdm0/eb-5kww2c_c has been removed.
