
WARNING: Deprecated functionality, will no longer work in v5.0: Use of 'dummy' toolchain is deprecated, use 'system' toolchain instead; see http://easybuild.readthedocs.org/en/latest/Deprecated-functionality.html for more information


WARNING: Use of 1 unknown easyconfig parameters detected in binutils-2.32.eb: binlist
If these are just local variables please rename them to start with 'local_', or try using --fix-deprecated-easyconfigs to do this automatically.
For more information, see https://easybuild.readthedocs.io/en/latest/Easyconfig-files-local-variables.html .


WARNING: Use of 1 unknown easyconfig parameters detected in GCCcore-9.2.0.eb: mpfr_version
If these are just local variables please rename them to start with 'local_', or try using --fix-deprecated-easyconfigs to do this automatically.
For more information, see https://easybuild.readthedocs.io/en/latest/Easyconfig-files-local-variables.html .


WARNING: Use of 1 unknown easyconfig parameters detected in binutils-2.32.eb: binlist
If these are just local variables please rename them to start with 'local_', or try using --fix-deprecated-easyconfigs to do this automatically.
For more information, see https://easybuild.readthedocs.io/en/latest/Easyconfig-files-local-variables.html .


WARNING: Use of 1 unknown easyconfig parameters detected in GCCcore-9.2.0.eb: mpfr_version
If these are just local variables please rename them to start with 'local_', or try using --fix-deprecated-easyconfigs to do this automatically.
For more information, see https://easybuild.readthedocs.io/en/latest/Easyconfig-files-local-variables.html .


WARNING: Use of 1 unknown easyconfig parameters detected in GCCcore-9.2.0.eb: mpfr_version
If these are just local variables please rename them to start with 'local_', or try using --fix-deprecated-easyconfigs to do this automatically.
For more information, see https://easybuild.readthedocs.io/en/latest/Easyconfig-files-local-variables.html .


WARNING: Use of 1 unknown easyconfig parameters detected in GCCcore-9.2.0.eb: mpfr_version
If these are just local variables please rename them to start with 'local_', or try using --fix-deprecated-easyconfigs to do this automatically.
For more information, see https://easybuild.readthedocs.io/en/latest/Easyconfig-files-local-variables.html .


WARNING: Use of 1 unknown easyconfig parameters detected in binutils-2.32-GCCcore-9.2.0.eb: binlist
If these are just local variables please rename them to start with 'local_', or try using --fix-deprecated-easyconfigs to do this automatically.
For more information, see https://easybuild.readthedocs.io/en/latest/Easyconfig-files-local-variables.html .


WARNING: Use of 1 unknown easyconfig parameters detected in ncurses-6.1.eb: libs
If these are just local variables please rename them to start with 'local_', or try using --fix-deprecated-easyconfigs to do this automatically.
For more information, see https://easybuild.readthedocs.io/en/latest/Easyconfig-files-local-variables.html .


WARNING: Deprecated functionality, will no longer work in v5.0: Use of 'dummy' toolchain is deprecated, use 'system' toolchain instead; see http://easybuild.readthedocs.org/en/latest/Deprecated-functionality.html for more information


WARNING: Use of 1 unknown easyconfig parameters detected in ncurses-6.1-GCCcore-9.2.0.eb: libs
If these are just local variables please rename them to start with 'local_', or try using --fix-deprecated-easyconfigs to do this automatically.
For more information, see https://easybuild.readthedocs.io/en/latest/Easyconfig-files-local-variables.html .


WARNING: Use of 1 unknown easyconfig parameters detected in intltool-0.51.0-GCCcore-9.2.0-Perl-5.28.1.eb: perlversion
If these are just local variables please rename them to start with 'local_', or try using --fix-deprecated-easyconfigs to do this automatically.
For more information, see https://easybuild.readthedocs.io/en/latest/Easyconfig-files-local-variables.html .


WARNING: Use of 1 unknown easyconfig parameters detected in libpng-1.6.36-GCCcore-9.2.0.eb: majminver
If these are just local variables please rename them to start with 'local_', or try using --fix-deprecated-easyconfigs to do this automatically.
For more information, see https://easybuild.readthedocs.io/en/latest/Easyconfig-files-local-variables.html .

== temporary log file in case of crash /tmp/eb-U64H5h/eb-8vNCEN/easybuild-FCXeqT.log
== resolving dependencies ...
== processing EasyBuild easyconfig /opt/ohpc/pub/easybuild/juawei-easyconfigs/Golden_Repo/2019b/t/Tk/Tk-8.6.10-GCCcore-9.2.0.eb
== building and installing Compiler/GCCcore/9.2.0/Tk/8.6.10...
== fetching files...
== creating build dir, resetting environment...
== unpacking...
== patching...
== preparing...
== configuring...
== building...
== testing...
== installing...
== taking care of extensions...
== restore after iterating...
== postprocessing...
== sanity checking...
== cleaning up...
== creating module...
== permissions...
== packaging...
== COMPLETED: Installation ended successfully (took 1 min 0 sec)
== Results of the build can be found in the log file(s) /opt/ohpc/pub/easybuild/software/juaweihi1616/Stages/2019b/software/Tk/8.6.10-GCCcore-9.2.0/easybuild/easybuild-Tk-8.6.10-20191206.133653.log
== Build succeeded for 1 out of 1
== Temporary log file(s) /tmp/eb-U64H5h/eb-8vNCEN/easybuild-FCXeqT.log* have been removed.
== Temporary directory /tmp/eb-U64H5h/eb-8vNCEN has been removed.
