
WARNING: Use of 3 unknown easyconfig parameters detected in Valgrind-3.15.0-goolf-2019b.7.eb: arch_suf, binaries, platform
If these are just local variables please rename them to start with 'local_', or try using --fix-deprecated-easyconfigs to do this automatically.
For more information, see https://easybuild.readthedocs.io/en/latest/Easyconfig-files-local-variables.html .


WARNING: Deprecated functionality, will no longer work in v5.0: Use of 'dummy' toolchain is deprecated, use 'system' toolchain instead; see http://easybuild.readthedocs.org/en/latest/Deprecated-functionality.html for more information


WARNING: Use of 1 unknown easyconfig parameters detected in binutils-2.32.eb: binlist
If these are just local variables please rename them to start with 'local_', or try using --fix-deprecated-easyconfigs to do this automatically.
For more information, see https://easybuild.readthedocs.io/en/latest/Easyconfig-files-local-variables.html .


WARNING: Use of 1 unknown easyconfig parameters detected in GCCcore-7.5.0.eb: mpfr_version
If these are just local variables please rename them to start with 'local_', or try using --fix-deprecated-easyconfigs to do this automatically.
For more information, see https://easybuild.readthedocs.io/en/latest/Easyconfig-files-local-variables.html .


WARNING: Use of 1 unknown easyconfig parameters detected in GCCcore-7.5.0.eb: mpfr_version
If these are just local variables please rename them to start with 'local_', or try using --fix-deprecated-easyconfigs to do this automatically.
For more information, see https://easybuild.readthedocs.io/en/latest/Easyconfig-files-local-variables.html .


WARNING: Use of 1 unknown easyconfig parameters detected in binutils-2.32.eb: binlist
If these are just local variables please rename them to start with 'local_', or try using --fix-deprecated-easyconfigs to do this automatically.
For more information, see https://easybuild.readthedocs.io/en/latest/Easyconfig-files-local-variables.html .


WARNING: Use of 1 unknown easyconfig parameters detected in GCCcore-7.5.0.eb: mpfr_version
If these are just local variables please rename them to start with 'local_', or try using --fix-deprecated-easyconfigs to do this automatically.
For more information, see https://easybuild.readthedocs.io/en/latest/Easyconfig-files-local-variables.html .


WARNING: Use of 1 unknown easyconfig parameters detected in GCCcore-7.5.0.eb: mpfr_version
If these are just local variables please rename them to start with 'local_', or try using --fix-deprecated-easyconfigs to do this automatically.
For more information, see https://easybuild.readthedocs.io/en/latest/Easyconfig-files-local-variables.html .


WARNING: Use of 1 unknown easyconfig parameters detected in binutils-2.32-GCCcore-7.5.0.eb: binlist
If these are just local variables please rename them to start with 'local_', or try using --fix-deprecated-easyconfigs to do this automatically.
For more information, see https://easybuild.readthedocs.io/en/latest/Easyconfig-files-local-variables.html .


WARNING: Use of 1 unknown easyconfig parameters detected in binutils-2.32-GCCcore-7.5.0.eb: binlist
If these are just local variables please rename them to start with 'local_', or try using --fix-deprecated-easyconfigs to do this automatically.
For more information, see https://easybuild.readthedocs.io/en/latest/Easyconfig-files-local-variables.html .


WARNING: Use of 1 unknown easyconfig parameters detected in ncurses-6.1.eb: libs
If these are just local variables please rename them to start with 'local_', or try using --fix-deprecated-easyconfigs to do this automatically.
For more information, see https://easybuild.readthedocs.io/en/latest/Easyconfig-files-local-variables.html .


WARNING: Deprecated functionality, will no longer work in v5.0: Use of 'dummy' toolchain is deprecated, use 'system' toolchain instead; see http://easybuild.readthedocs.org/en/latest/Deprecated-functionality.html for more information


WARNING: Use of 1 unknown easyconfig parameters detected in ncurses-6.1-GCCcore-7.5.0.eb: libs
If these are just local variables please rename them to start with 'local_', or try using --fix-deprecated-easyconfigs to do this automatically.
For more information, see https://easybuild.readthedocs.io/en/latest/Easyconfig-files-local-variables.html .


WARNING: Use of 1 unknown easyconfig parameters detected in intltool-0.51.0-GCCcore-7.5.0-Perl-5.28.1.eb: perlversion
If these are just local variables please rename them to start with 'local_', or try using --fix-deprecated-easyconfigs to do this automatically.
For more information, see https://easybuild.readthedocs.io/en/latest/Easyconfig-files-local-variables.html .


WARNING: Use of 1 unknown easyconfig parameters detected in libpng-1.6.36-GCCcore-7.5.0.eb: majminver
If these are just local variables please rename them to start with 'local_', or try using --fix-deprecated-easyconfigs to do this automatically.
For more information, see https://easybuild.readthedocs.io/en/latest/Easyconfig-files-local-variables.html .


WARNING: Use of 4 unknown easyconfig parameters detected in OpenMPI-4.0.2-GCC-7.5.0.eb: binfile, libfile, libs, set_mpi_wrappers_all
If these are just local variables please rename them to start with 'local_', or try using --fix-deprecated-easyconfigs to do this automatically.
For more information, see https://easybuild.readthedocs.io/en/latest/Easyconfig-files-local-variables.html .


WARNING: Use of 1 unknown easyconfig parameters detected in FFTW-3.3.8-gompi-2019b.7.eb: common_configopts
If these are just local variables please rename them to start with 'local_', or try using --fix-deprecated-easyconfigs to do this automatically.
For more information, see https://easybuild.readthedocs.io/en/latest/Easyconfig-files-local-variables.html .


WARNING: Use of 5 unknown easyconfig parameters detected in gompi-2019b.7.eb: comp, compname, compver, mpilib, mpiver
If these are just local variables please rename them to start with 'local_', or try using --fix-deprecated-easyconfigs to do this automatically.
For more information, see https://easybuild.readthedocs.io/en/latest/Easyconfig-files-local-variables.html .


WARNING: Use of 5 unknown easyconfig parameters detected in gompi-2019b.7.eb: comp, compname, compver, mpilib, mpiver
If these are just local variables please rename them to start with 'local_', or try using --fix-deprecated-easyconfigs to do this automatically.
For more information, see https://easybuild.readthedocs.io/en/latest/Easyconfig-files-local-variables.html .


WARNING: Use of 5 unknown easyconfig parameters detected in gompi-2019b.7.eb: comp, compname, compver, mpilib, mpiver
If these are just local variables please rename them to start with 'local_', or try using --fix-deprecated-easyconfigs to do this automatically.
For more information, see https://easybuild.readthedocs.io/en/latest/Easyconfig-files-local-variables.html .


WARNING: Use of 4 unknown easyconfig parameters detected in OpenMPI-4.0.2-GCC-7.5.0.eb: binfile, libfile, libs, set_mpi_wrappers_all
If these are just local variables please rename them to start with 'local_', or try using --fix-deprecated-easyconfigs to do this automatically.
For more information, see https://easybuild.readthedocs.io/en/latest/Easyconfig-files-local-variables.html .


WARNING: Use of 2 unknown easyconfig parameters detected in ScaLAPACK-2.0.2-gompi-2019b.7-OpenBLAS-0.3.7.eb: blaslib, blasver
If these are just local variables please rename them to start with 'local_', or try using --fix-deprecated-easyconfigs to do this automatically.
For more information, see https://easybuild.readthedocs.io/en/latest/Easyconfig-files-local-variables.html .


WARNING: Use of 6 unknown easyconfig parameters detected in goolf-2019b.7.eb: blas, blaslib, blasver, comp_mpi_tc, comp_mpi_tc_name, gccver
If these are just local variables please rename them to start with 'local_', or try using --fix-deprecated-easyconfigs to do this automatically.
For more information, see https://easybuild.readthedocs.io/en/latest/Easyconfig-files-local-variables.html .


WARNING: Use of 6 unknown easyconfig parameters detected in goolf-2019b.7.eb: blas, blaslib, blasver, comp_mpi_tc, comp_mpi_tc_name, gccver
If these are just local variables please rename them to start with 'local_', or try using --fix-deprecated-easyconfigs to do this automatically.
For more information, see https://easybuild.readthedocs.io/en/latest/Easyconfig-files-local-variables.html .

== temporary log file in case of crash /tmp/eb-U64H5h/eb-0PZ0MF/easybuild-NDBuZn.log
== resolving dependencies ...
== processing EasyBuild easyconfig /opt/ohpc/pub/easybuild/juawei-easyconfigs/Golden_Repo/2019b/v/Valgrind/Valgrind-3.15.0-goolf-2019b.7.eb
== building and installing MPI/GCC/7.5.0/OpenMPI/4.0.2/Valgrind/3.15.0...
== fetching files...
== creating build dir, resetting environment...
== unpacking...
== patching...
== preparing...
== configuring...
== building...
== testing...
== installing...
== taking care of extensions...
== restore after iterating...
== postprocessing...
== sanity checking...
== cleaning up...
== creating module...
== permissions...
== packaging...
== COMPLETED: Installation ended successfully (took 3 min 24 sec)
== Results of the build can be found in the log file(s) /opt/ohpc/pub/easybuild/software/juaweihi1616/Stages/2019b/software/Valgrind/3.15.0-goolf-2019b.7/easybuild/easybuild-Valgrind-3.15.0-20191206.133919.log
== Build succeeded for 1 out of 1
== Temporary log file(s) /tmp/eb-U64H5h/eb-0PZ0MF/easybuild-NDBuZn.log* have been removed.
== Temporary directory /tmp/eb-U64H5h/eb-0PZ0MF has been removed.
